<?xml version="1.0" encoding="UTF-8"?>
<!-- Generated by org.testng.reporters.JUnitXMLReporter -->
<testsuite ignored="0" hostname="QT-INBG-LT0417" failures="0" tests="10" name="Default test" time="9.832" errors="0" timestamp="2022-06-16T20:28:16 IST">
  <testcase classname="mobileWorld.AllMobiles" name="launchBrowser" time="5.846"/>
  <testcase classname="mobileWorld.AllMobiles" name="allMobiles" time="0.625"/>
  <testcase classname="mobileWorld.AllMobiles" name="searchLenovo" time="0.261"/>
  <testcase classname="mobileWorld.AllMobiles" name="searchSamsung" time="0.19"/>
  <testcase classname="mobileWorld.AllMobiles" name="wrongApple" time="0.18"/>
  <testcase classname="mobileWorld.AllMobiles" name="wrongSamsung" time="0.118"/>
  <testcase classname="mobileWorld.AllMobiles" name="twoCharacter" time="0.14"/>
  <testcase classname="mobileWorld.AllMobiles" name="InvalidMob" time="0.128"/>
  <testcase classname="mobileWorld.AllMobiles" name="order" time="2.197"/>
  <testcase classname="mobileWorld.AllMobiles" name="courseVerify" time="0.066"/>
</testsuite> <!-- Default test -->
