<?xml version="1.0" encoding="UTF-8"?>
<testng-results ignored="0" total="10" passed="10" failed="0" skipped="0">
  <reporter-output>
  </reporter-output>
  <suite started-at="2022-06-16T20:28:06 IST" name="Default suite" finished-at="2022-06-16T20:28:16 IST" duration-ms="9832">
    <groups>
    </groups>
    <test started-at="2022-06-16T20:28:06 IST" name="Default test" finished-at="2022-06-16T20:28:16 IST" duration-ms="9832">
      <class name="mobileWorld.AllMobiles">
        <test-method signature="launchBrowser()[pri:1, instance:mobileWorld.AllMobiles@5e82df6a]" started-at="2022-06-16T20:28:06 IST" name="launchBrowser" finished-at="2022-06-16T20:28:12 IST" duration-ms="5846" status="PASS">
          <reporter-output>
          </reporter-output>
        </test-method> <!-- launchBrowser -->
        <test-method signature="allMobiles()[pri:2, instance:mobileWorld.AllMobiles@5e82df6a]" started-at="2022-06-16T20:28:12 IST" name="allMobiles" finished-at="2022-06-16T20:28:13 IST" duration-ms="625" status="PASS">
          <reporter-output>
          </reporter-output>
        </test-method> <!-- allMobiles -->
        <test-method signature="searchLenovo()[pri:3, instance:mobileWorld.AllMobiles@5e82df6a]" started-at="2022-06-16T20:28:13 IST" name="searchLenovo" finished-at="2022-06-16T20:28:13 IST" duration-ms="261" status="PASS">
          <reporter-output>
          </reporter-output>
        </test-method> <!-- searchLenovo -->
        <test-method signature="searchSamsung()[pri:4, instance:mobileWorld.AllMobiles@5e82df6a]" started-at="2022-06-16T20:28:13 IST" name="searchSamsung" finished-at="2022-06-16T20:28:13 IST" duration-ms="190" status="PASS">
          <reporter-output>
          </reporter-output>
        </test-method> <!-- searchSamsung -->
        <test-method signature="wrongApple()[pri:5, instance:mobileWorld.AllMobiles@5e82df6a]" started-at="2022-06-16T20:28:13 IST" name="wrongApple" finished-at="2022-06-16T20:28:13 IST" duration-ms="180" status="PASS">
          <reporter-output>
          </reporter-output>
        </test-method> <!-- wrongApple -->
        <test-method signature="wrongSamsung()[pri:6, instance:mobileWorld.AllMobiles@5e82df6a]" started-at="2022-06-16T20:28:13 IST" name="wrongSamsung" finished-at="2022-06-16T20:28:13 IST" duration-ms="118" status="PASS">
          <reporter-output>
          </reporter-output>
        </test-method> <!-- wrongSamsung -->
        <test-method signature="twoCharacter()[pri:7, instance:mobileWorld.AllMobiles@5e82df6a]" started-at="2022-06-16T20:28:13 IST" name="twoCharacter" finished-at="2022-06-16T20:28:13 IST" duration-ms="140" status="PASS">
          <reporter-output>
          </reporter-output>
        </test-method> <!-- twoCharacter -->
        <test-method signature="InvalidMob()[pri:8, instance:mobileWorld.AllMobiles@5e82df6a]" started-at="2022-06-16T20:28:13 IST" name="InvalidMob" finished-at="2022-06-16T20:28:14 IST" duration-ms="128" status="PASS">
          <reporter-output>
          </reporter-output>
        </test-method> <!-- InvalidMob -->
        <test-method signature="order()[pri:9, instance:mobileWorld.AllMobiles@5e82df6a]" started-at="2022-06-16T20:28:14 IST" name="order" finished-at="2022-06-16T20:28:16 IST" duration-ms="2197" status="PASS">
          <reporter-output>
          </reporter-output>
        </test-method> <!-- order -->
        <test-method signature="courseVerify()[pri:10, instance:mobileWorld.AllMobiles@5e82df6a]" started-at="2022-06-16T20:28:16 IST" name="courseVerify" finished-at="2022-06-16T20:28:16 IST" duration-ms="66" status="PASS">
          <reporter-output>
          </reporter-output>
        </test-method> <!-- courseVerify -->
      </class> <!-- mobileWorld.AllMobiles -->
    </test> <!-- Default test -->
  </suite> <!-- Default suite -->
</testng-results>
